<?xml version="1.0" encoding="UTF-8"?>
<!-- Generated by org.testng.reporters.JUnitXMLReporter -->
<testsuite ignored="0" hostname="SURAJ" failures="0" tests="3" name="Default test" time="9.986" errors="0" timestamp="2023-10-04T13:52:31 IST">
  <testcase classname="com.automation.ui.tests.verifyHomePage" name="searchAndClick" time="7.344"/>
  <testcase classname="com.automation.ui.tests.verifyHomePage" name="HomePage" time="0.018"/>
  <testcase classname="com.automation.ui.tests.verifyHomePage" name="goBackToHomePageWindow" time="0.032"/>
</testsuite> <!-- Default test -->
